java.lang.RuntimeException: generate oucur error,templateFile is:src/main/java/${basepackage_dir}/daointerface/${className}DAO.java.ftl => /Users/sunzihan/iacthink/dalgen/biz/../../../iacthink/src/main/java/com/iacthink/dal/daointerface/StudentDAO.java cause:freemarker.template.TemplateModelException: get(sqls) failed on instance of cn.org.rapid_framework.generator.ext.tableconfig.model.TableConfig
	at cn.org.rapid_framework.generator.Generator$TemplateProcessor.executeGenerate(Generator.java:319)
	at cn.org.rapid_framework.generator.Generator$TemplateProcessor.access$1(Generator.java:289)
	at cn.org.rapid_framework.generator.Generator.scanTemplatesAndProcess(Generator.java:262)
	at cn.org.rapid_framework.generator.Generator.processTemplateRootDirs(Generator.java:201)
	at cn.org.rapid_framework.generator.Generator.generateBy(Generator.java:168)
	at cn.org.rapid_framework.generator.GeneratorFacade$ProcessUtils.processByGeneratorModel(GeneratorFacade.java:200)
	at cn.org.rapid_framework.generator.GeneratorFacade$ProcessUtils.processByMap(GeneratorFacade.java:175)
	at cn.org.rapid_framework.generator.GeneratorFacade.generateByMap(GeneratorFacade.java:57)
	at sun.reflect.NativeMethodAccessorImpl.invoke0(Native Method)
	at sun.reflect.NativeMethodAccessorImpl.invoke(NativeMethodAccessorImpl.java:39)
	at sun.reflect.DelegatingMethodAccessorImpl.invoke(DelegatingMethodAccessorImpl.java:25)
	at java.lang.reflect.Method.invoke(Method.java:597)
	at org.codehaus.groovy.runtime.callsite.PojoMetaMethodSite$PojoCachedMethodSite.invoke(PojoMetaMethodSite.java:188)
	at org.codehaus.groovy.runtime.callsite.PojoMetaMethodSite.call(PojoMetaMethodSite.java:52)
	at org.codehaus.groovy.runtime.callsite.CallSiteArray.defaultCall(CallSiteArray.java:43)
	at org.codehaus.groovy.runtime.callsite.AbstractCallSite.call(AbstractCallSite.java:116)
	at org.codehaus.groovy.runtime.callsite.AbstractCallSite.call(AbstractCallSite.java:124)
	at GenUtils.genByTableConfig(gen.groovy:119)
	at GenUtils$genByTableConfig.call(Unknown Source)
	at org.codehaus.groovy.runtime.callsite.CallSiteArray.defaultCall(CallSiteArray.java:43)
	at org.codehaus.groovy.runtime.callsite.AbstractCallSite.call(AbstractCallSite.java:116)
	at org.codehaus.groovy.runtime.callsite.AbstractCallSite.call(AbstractCallSite.java:132)
	at Targets.dal(gen.groovy:78)
	at sun.reflect.NativeMethodAccessorImpl.invoke0(Native Method)
	at sun.reflect.NativeMethodAccessorImpl.invoke(NativeMethodAccessorImpl.java:39)
	at sun.reflect.DelegatingMethodAccessorImpl.invoke(DelegatingMethodAccessorImpl.java:25)
	at java.lang.reflect.Method.invoke(Method.java:597)
	at org.codehaus.groovy.reflection.CachedMethod.invoke(CachedMethod.java:86)
	at groovy.lang.MetaMethod.doMethodInvoke(MetaMethod.java:234)
	at groovy.lang.MetaClassImpl.invokeMethod(MetaClassImpl.java:1061)
	at groovy.lang.MetaClassImpl.invokeMethod(MetaClassImpl.java:892)
	at org.codehaus.groovy.runtime.InvokerHelper.invokePogoMethod(InvokerHelper.java:737)
	at org.codehaus.groovy.runtime.InvokerHelper.invokeMethod(InvokerHelper.java:720)
	at org.codehaus.groovy.runtime.ScriptBytecodeAdapter.invokeMethodN(ScriptBytecodeAdapter.java:163)
	at org.codehaus.groovy.runtime.ScriptBytecodeAdapter.invokeMethod0(ScriptBytecodeAdapter.java:188)
	at gen.main(gen.groovy:29)
	at gen$main.callCurrent(Unknown Source)
	at org.codehaus.groovy.runtime.callsite.CallSiteArray.defaultCallCurrent(CallSiteArray.java:47)
	at org.codehaus.groovy.runtime.callsite.AbstractCallSite.callCurrent(AbstractCallSite.java:142)
	at org.codehaus.groovy.runtime.callsite.AbstractCallSite.callCurrent(AbstractCallSite.java:146)
	at gen.run(gen.groovy:21)
	at sun.reflect.NativeMethodAccessorImpl.invoke0(Native Method)
	at sun.reflect.NativeMethodAccessorImpl.invoke(NativeMethodAccessorImpl.java:39)
	at sun.reflect.DelegatingMethodAccessorImpl.invoke(DelegatingMethodAccessorImpl.java:25)
	at java.lang.reflect.Method.invoke(Method.java:597)
	at org.codehaus.groovy.maven.runtime.support.ScriptExecutorSupport.invokeMethod(ScriptExecutorSupport.java:158)
	at org.codehaus.groovy.maven.runtime.support.ScriptExecutorSupport.execute(ScriptExecutorSupport.java:126)
	at org.codehaus.groovy.maven.runtime.support.ScriptExecutorSupport.execute(ScriptExecutorSupport.java:73)
	at org.codehaus.groovy.maven.plugin.execute.ExecuteMojo.process(ExecuteMojo.java:249)
	at org.codehaus.groovy.maven.plugin.ComponentMojoSupport.doExecute(ComponentMojoSupport.java:60)
	at org.codehaus.groovy.maven.plugin.MojoSupport.execute(MojoSupport.java:69)
	at org.apache.maven.plugin.DefaultBuildPluginManager.executeMojo(DefaultBuildPluginManager.java:132)
	at org.apache.maven.lifecycle.internal.MojoExecutor.execute(MojoExecutor.java:208)
	at org.apache.maven.lifecycle.internal.MojoExecutor.execute(MojoExecutor.java:153)
	at org.apache.maven.lifecycle.internal.MojoExecutor.execute(MojoExecutor.java:145)
	at org.apache.maven.lifecycle.internal.LifecycleModuleBuilder.buildProject(LifecycleModuleBuilder.java:116)
	at org.apache.maven.lifecycle.internal.LifecycleModuleBuilder.buildProject(LifecycleModuleBuilder.java:80)
	at org.apache.maven.lifecycle.internal.builder.singlethreaded.SingleThreadedBuilder.build(SingleThreadedBuilder.java:51)
	at org.apache.maven.lifecycle.internal.LifecycleStarter.execute(LifecycleStarter.java:120)
	at org.apache.maven.DefaultMaven.doExecute(DefaultMaven.java:355)
	at org.apache.maven.DefaultMaven.execute(DefaultMaven.java:155)
	at org.apache.maven.cli.MavenCli.execute(MavenCli.java:584)
	at org.apache.maven.cli.MavenCli.doMain(MavenCli.java:216)
	at org.apache.maven.cli.MavenCli.main(MavenCli.java:160)
	at sun.reflect.NativeMethodAccessorImpl.invoke0(Native Method)
	at sun.reflect.NativeMethodAccessorImpl.invoke(NativeMethodAccessorImpl.java:39)
	at sun.reflect.DelegatingMethodAccessorImpl.invoke(DelegatingMethodAccessorImpl.java:25)
	at java.lang.reflect.Method.invoke(Method.java:597)
	at org.codehaus.plexus.classworlds.launcher.Launcher.launchEnhanced(Launcher.java:289)
	at org.codehaus.plexus.classworlds.launcher.Launcher.launch(Launcher.java:229)
	at org.codehaus.plexus.classworlds.launcher.Launcher.mainWithExitCode(Launcher.java:415)
	at org.codehaus.plexus.classworlds.launcher.Launcher.main(Launcher.java:356)
Caused by: freemarker.template.TemplateModelException: get(sqls) failed on instance of cn.org.rapid_framework.generator.ext.tableconfig.model.TableConfig
	at freemarker.ext.beans.BeanModel.get(BeanModel.java:223)
	at freemarker.core.Dot._getAsTemplateModel(Dot.java:76)
	at freemarker.core.Expression.getAsTemplateModel(Expression.java:89)
	at freemarker.core.IteratorBlock.accept(IteratorBlock.java:94)
	at freemarker.core.Environment.visit(Environment.java:210)
	at freemarker.core.MixedContent.accept(MixedContent.java:92)
	at freemarker.core.Environment.visit(Environment.java:210)
	at freemarker.core.Environment.process(Environment.java:190)
	at freemarker.template.Template.process(Template.java:237)
	at cn.org.rapid_framework.generator.Generator$TemplateProcessor.processTemplateForGeneratorControl(Generator.java:350)
	at cn.org.rapid_framework.generator.Generator$TemplateProcessor.executeGenerate(Generator.java:308)
	... 71 more
Caused by: java.lang.reflect.InvocationTargetException
	at sun.reflect.NativeMethodAccessorImpl.invoke0(Native Method)
	at sun.reflect.NativeMethodAccessorImpl.invoke(NativeMethodAccessorImpl.java:39)
	at sun.reflect.DelegatingMethodAccessorImpl.invoke(DelegatingMethodAccessorImpl.java:25)
	at java.lang.reflect.Method.invoke(Method.java:597)
	at freemarker.ext.beans.BeansWrapper.invokeMethod(BeansWrapper.java:840)
	at freemarker.ext.beans.BeanModel.invokeThroughDescriptor(BeanModel.java:276)
	at freemarker.ext.beans.BeanModel.get(BeanModel.java:183)
	... 81 more
Caused by: java.lang.RuntimeException: parse sql error on table:student operation:queryAll() sql:
			SELECT 
			<include refid="StrategyCategory.columns"/>
			FROM student
		
	at cn.org.rapid_framework.generator.ext.tableconfig.model.TableConfig$Convert2SqlsProecssor.processOperation(TableConfig.java:291)
	at cn.org.rapid_framework.generator.ext.tableconfig.model.TableConfig$Convert2SqlsProecssor.toSqls(TableConfig.java:239)
	at cn.org.rapid_framework.generator.ext.tableconfig.model.TableConfig.toSqls(TableConfig.java:220)
	at cn.org.rapid_framework.generator.ext.tableconfig.model.TableConfig.getSqls(TableConfig.java:214)
	... 88 more
Caused by: java.lang.IllegalArgumentException: not found include sql by <include refid='StrategyCategory.columns'/>
	at cn.org.rapid_framework.generator.ext.tableconfig.IbatisSqlMapConfigParser.processIncludeByRefid(IbatisSqlMapConfigParser.java:104)
	at cn.org.rapid_framework.generator.ext.tableconfig.IbatisSqlMapConfigParser.parse(IbatisSqlMapConfigParser.java:50)
	at cn.org.rapid_framework.generator.ext.tableconfig.model.TableConfig$Convert2SqlsProecssor.processOperation(TableConfig.java:253)
	... 91 more
java.lang.RuntimeException: generate oucur error,templateFile is:src/main/java/${basepackage_dir}/ibatis/Ibatis${className}DAO.java.ftl => /Users/sunzihan/iacthink/dalgen/biz/../../../iacthink/src/main/java/com/iacthink/dal/ibatis/IbatisStudentDAO.java cause:freemarker.template.TemplateModelException: get(sqls) failed on instance of cn.org.rapid_framework.generator.ext.tableconfig.model.TableConfig
	at cn.org.rapid_framework.generator.Generator$TemplateProcessor.executeGenerate(Generator.java:319)
	at cn.org.rapid_framework.generator.Generator$TemplateProcessor.access$1(Generator.java:289)
	at cn.org.rapid_framework.generator.Generator.scanTemplatesAndProcess(Generator.java:262)
	at cn.org.rapid_framework.generator.Generator.processTemplateRootDirs(Generator.java:201)
	at cn.org.rapid_framework.generator.Generator.generateBy(Generator.java:168)
	at cn.org.rapid_framework.generator.GeneratorFacade$ProcessUtils.processByGeneratorModel(GeneratorFacade.java:200)
	at cn.org.rapid_framework.generator.GeneratorFacade$ProcessUtils.processByMap(GeneratorFacade.java:175)
	at cn.org.rapid_framework.generator.GeneratorFacade.generateByMap(GeneratorFacade.java:57)
	at sun.reflect.NativeMethodAccessorImpl.invoke0(Native Method)
	at sun.reflect.NativeMethodAccessorImpl.invoke(NativeMethodAccessorImpl.java:39)
	at sun.reflect.DelegatingMethodAccessorImpl.invoke(DelegatingMethodAccessorImpl.java:25)
	at java.lang.reflect.Method.invoke(Method.java:597)
	at org.codehaus.groovy.runtime.callsite.PojoMetaMethodSite$PojoCachedMethodSite.invoke(PojoMetaMethodSite.java:188)
	at org.codehaus.groovy.runtime.callsite.PojoMetaMethodSite.call(PojoMetaMethodSite.java:52)
	at org.codehaus.groovy.runtime.callsite.CallSiteArray.defaultCall(CallSiteArray.java:43)
	at org.codehaus.groovy.runtime.callsite.AbstractCallSite.call(AbstractCallSite.java:116)
	at org.codehaus.groovy.runtime.callsite.AbstractCallSite.call(AbstractCallSite.java:124)
	at GenUtils.genByTableConfig(gen.groovy:119)
	at GenUtils$genByTableConfig.call(Unknown Source)
	at org.codehaus.groovy.runtime.callsite.CallSiteArray.defaultCall(CallSiteArray.java:43)
	at org.codehaus.groovy.runtime.callsite.AbstractCallSite.call(AbstractCallSite.java:116)
	at org.codehaus.groovy.runtime.callsite.AbstractCallSite.call(AbstractCallSite.java:132)
	at Targets.dal(gen.groovy:78)
	at sun.reflect.NativeMethodAccessorImpl.invoke0(Native Method)
	at sun.reflect.NativeMethodAccessorImpl.invoke(NativeMethodAccessorImpl.java:39)
	at sun.reflect.DelegatingMethodAccessorImpl.invoke(DelegatingMethodAccessorImpl.java:25)
	at java.lang.reflect.Method.invoke(Method.java:597)
	at org.codehaus.groovy.reflection.CachedMethod.invoke(CachedMethod.java:86)
	at groovy.lang.MetaMethod.doMethodInvoke(MetaMethod.java:234)
	at groovy.lang.MetaClassImpl.invokeMethod(MetaClassImpl.java:1061)
	at groovy.lang.MetaClassImpl.invokeMethod(MetaClassImpl.java:892)
	at org.codehaus.groovy.runtime.InvokerHelper.invokePogoMethod(InvokerHelper.java:737)
	at org.codehaus.groovy.runtime.InvokerHelper.invokeMethod(InvokerHelper.java:720)
	at org.codehaus.groovy.runtime.ScriptBytecodeAdapter.invokeMethodN(ScriptBytecodeAdapter.java:163)
	at org.codehaus.groovy.runtime.ScriptBytecodeAdapter.invokeMethod0(ScriptBytecodeAdapter.java:188)
	at gen.main(gen.groovy:29)
	at gen$main.callCurrent(Unknown Source)
	at org.codehaus.groovy.runtime.callsite.CallSiteArray.defaultCallCurrent(CallSiteArray.java:47)
	at org.codehaus.groovy.runtime.callsite.AbstractCallSite.callCurrent(AbstractCallSite.java:142)
	at org.codehaus.groovy.runtime.callsite.AbstractCallSite.callCurrent(AbstractCallSite.java:146)
	at gen.run(gen.groovy:21)
	at sun.reflect.NativeMethodAccessorImpl.invoke0(Native Method)
	at sun.reflect.NativeMethodAccessorImpl.invoke(NativeMethodAccessorImpl.java:39)
	at sun.reflect.DelegatingMethodAccessorImpl.invoke(DelegatingMethodAccessorImpl.java:25)
	at java.lang.reflect.Method.invoke(Method.java:597)
	at org.codehaus.groovy.maven.runtime.support.ScriptExecutorSupport.invokeMethod(ScriptExecutorSupport.java:158)
	at org.codehaus.groovy.maven.runtime.support.ScriptExecutorSupport.execute(ScriptExecutorSupport.java:126)
	at org.codehaus.groovy.maven.runtime.support.ScriptExecutorSupport.execute(ScriptExecutorSupport.java:73)
	at org.codehaus.groovy.maven.plugin.execute.ExecuteMojo.process(ExecuteMojo.java:249)
	at org.codehaus.groovy.maven.plugin.ComponentMojoSupport.doExecute(ComponentMojoSupport.java:60)
	at org.codehaus.groovy.maven.plugin.MojoSupport.execute(MojoSupport.java:69)
	at org.apache.maven.plugin.DefaultBuildPluginManager.executeMojo(DefaultBuildPluginManager.java:132)
	at org.apache.maven.lifecycle.internal.MojoExecutor.execute(MojoExecutor.java:208)
	at org.apache.maven.lifecycle.internal.MojoExecutor.execute(MojoExecutor.java:153)
	at org.apache.maven.lifecycle.internal.MojoExecutor.execute(MojoExecutor.java:145)
	at org.apache.maven.lifecycle.internal.LifecycleModuleBuilder.buildProject(LifecycleModuleBuilder.java:116)
	at org.apache.maven.lifecycle.internal.LifecycleModuleBuilder.buildProject(LifecycleModuleBuilder.java:80)
	at org.apache.maven.lifecycle.internal.builder.singlethreaded.SingleThreadedBuilder.build(SingleThreadedBuilder.java:51)
	at org.apache.maven.lifecycle.internal.LifecycleStarter.execute(LifecycleStarter.java:120)
	at org.apache.maven.DefaultMaven.doExecute(DefaultMaven.java:355)
	at org.apache.maven.DefaultMaven.execute(DefaultMaven.java:155)
	at org.apache.maven.cli.MavenCli.execute(MavenCli.java:584)
	at org.apache.maven.cli.MavenCli.doMain(MavenCli.java:216)
	at org.apache.maven.cli.MavenCli.main(MavenCli.java:160)
	at sun.reflect.NativeMethodAccessorImpl.invoke0(Native Method)
	at sun.reflect.NativeMethodAccessorImpl.invoke(NativeMethodAccessorImpl.java:39)
	at sun.reflect.DelegatingMethodAccessorImpl.invoke(DelegatingMethodAccessorImpl.java:25)
	at java.lang.reflect.Method.invoke(Method.java:597)
	at org.codehaus.plexus.classworlds.launcher.Launcher.launchEnhanced(Launcher.java:289)
	at org.codehaus.plexus.classworlds.launcher.Launcher.launch(Launcher.java:229)
	at org.codehaus.plexus.classworlds.launcher.Launcher.mainWithExitCode(Launcher.java:415)
	at org.codehaus.plexus.classworlds.launcher.Launcher.main(Launcher.java:356)
Caused by: freemarker.template.TemplateModelException: get(sqls) failed on instance of cn.org.rapid_framework.generator.ext.tableconfig.model.TableConfig
	at freemarker.ext.beans.BeanModel.get(BeanModel.java:223)
	at freemarker.core.Dot._getAsTemplateModel(Dot.java:76)
	at freemarker.core.Expression.getAsTemplateModel(Expression.java:89)
	at freemarker.core.IteratorBlock.accept(IteratorBlock.java:94)
	at freemarker.core.Environment.visit(Environment.java:210)
	at freemarker.core.MixedContent.accept(MixedContent.java:92)
	at freemarker.core.Environment.visit(Environment.java:210)
	at freemarker.core.Environment.process(Environment.java:190)
	at freemarker.template.Template.process(Template.java:237)
	at cn.org.rapid_framework.generator.Generator$TemplateProcessor.processTemplateForGeneratorControl(Generator.java:350)
	at cn.org.rapid_framework.generator.Generator$TemplateProcessor.executeGenerate(Generator.java:308)
	... 71 more
Caused by: java.lang.reflect.InvocationTargetException
	at sun.reflect.NativeMethodAccessorImpl.invoke0(Native Method)
	at sun.reflect.NativeMethodAccessorImpl.invoke(NativeMethodAccessorImpl.java:39)
	at sun.reflect.DelegatingMethodAccessorImpl.invoke(DelegatingMethodAccessorImpl.java:25)
	at java.lang.reflect.Method.invoke(Method.java:597)
	at freemarker.ext.beans.BeansWrapper.invokeMethod(BeansWrapper.java:840)
	at freemarker.ext.beans.BeanModel.invokeThroughDescriptor(BeanModel.java:276)
	at freemarker.ext.beans.BeanModel.get(BeanModel.java:183)
	... 81 more
Caused by: java.lang.RuntimeException: parse sql error on table:student operation:queryAll() sql:
			SELECT 
			<include refid="StrategyCategory.columns"/>
			FROM student
		
	at cn.org.rapid_framework.generator.ext.tableconfig.model.TableConfig$Convert2SqlsProecssor.processOperation(TableConfig.java:291)
	at cn.org.rapid_framework.generator.ext.tableconfig.model.TableConfig$Convert2SqlsProecssor.toSqls(TableConfig.java:239)
	at cn.org.rapid_framework.generator.ext.tableconfig.model.TableConfig.toSqls(TableConfig.java:220)
	at cn.org.rapid_framework.generator.ext.tableconfig.model.TableConfig.getSqls(TableConfig.java:214)
	... 88 more
Caused by: java.lang.IllegalArgumentException: not found include sql by <include refid='StrategyCategory.columns'/>
	at cn.org.rapid_framework.generator.ext.tableconfig.IbatisSqlMapConfigParser.processIncludeByRefid(IbatisSqlMapConfigParser.java:104)
	at cn.org.rapid_framework.generator.ext.tableconfig.IbatisSqlMapConfigParser.parse(IbatisSqlMapConfigParser.java:50)
	at cn.org.rapid_framework.generator.ext.tableconfig.model.TableConfig$Convert2SqlsProecssor.processOperation(TableConfig.java:253)
	... 91 more
java.lang.RuntimeException: generate oucur error,templateFile is:src/main/resources/sqlmap/${appModule}/${className}-sqlmap-mapping.xml.ftl => /Users/sunzihan/iacthink/dalgen/biz/../../../iacthink/src/main/resources/sqlmap/iacthink/Student-sqlmap-mapping.xml cause:freemarker.template.TemplateModelException: get(sqls) failed on instance of cn.org.rapid_framework.generator.ext.tableconfig.model.TableConfig
	at cn.org.rapid_framework.generator.Generator$TemplateProcessor.executeGenerate(Generator.java:319)
	at cn.org.rapid_framework.generator.Generator$TemplateProcessor.access$1(Generator.java:289)
	at cn.org.rapid_framework.generator.Generator.scanTemplatesAndProcess(Generator.java:262)
	at cn.org.rapid_framework.generator.Generator.processTemplateRootDirs(Generator.java:201)
	at cn.org.rapid_framework.generator.Generator.generateBy(Generator.java:168)
	at cn.org.rapid_framework.generator.GeneratorFacade$ProcessUtils.processByGeneratorModel(GeneratorFacade.java:200)
	at cn.org.rapid_framework.generator.GeneratorFacade$ProcessUtils.processByMap(GeneratorFacade.java:175)
	at cn.org.rapid_framework.generator.GeneratorFacade.generateByMap(GeneratorFacade.java:57)
	at sun.reflect.NativeMethodAccessorImpl.invoke0(Native Method)
	at sun.reflect.NativeMethodAccessorImpl.invoke(NativeMethodAccessorImpl.java:39)
	at sun.reflect.DelegatingMethodAccessorImpl.invoke(DelegatingMethodAccessorImpl.java:25)
	at java.lang.reflect.Method.invoke(Method.java:597)
	at org.codehaus.groovy.runtime.callsite.PojoMetaMethodSite$PojoCachedMethodSite.invoke(PojoMetaMethodSite.java:188)
	at org.codehaus.groovy.runtime.callsite.PojoMetaMethodSite.call(PojoMetaMethodSite.java:52)
	at org.codehaus.groovy.runtime.callsite.CallSiteArray.defaultCall(CallSiteArray.java:43)
	at org.codehaus.groovy.runtime.callsite.AbstractCallSite.call(AbstractCallSite.java:116)
	at org.codehaus.groovy.runtime.callsite.AbstractCallSite.call(AbstractCallSite.java:124)
	at GenUtils.genByTableConfig(gen.groovy:119)
	at GenUtils$genByTableConfig.call(Unknown Source)
	at org.codehaus.groovy.runtime.callsite.CallSiteArray.defaultCall(CallSiteArray.java:43)
	at org.codehaus.groovy.runtime.callsite.AbstractCallSite.call(AbstractCallSite.java:116)
	at org.codehaus.groovy.runtime.callsite.AbstractCallSite.call(AbstractCallSite.java:132)
	at Targets.dal(gen.groovy:78)
	at sun.reflect.NativeMethodAccessorImpl.invoke0(Native Method)
	at sun.reflect.NativeMethodAccessorImpl.invoke(NativeMethodAccessorImpl.java:39)
	at sun.reflect.DelegatingMethodAccessorImpl.invoke(DelegatingMethodAccessorImpl.java:25)
	at java.lang.reflect.Method.invoke(Method.java:597)
	at org.codehaus.groovy.reflection.CachedMethod.invoke(CachedMethod.java:86)
	at groovy.lang.MetaMethod.doMethodInvoke(MetaMethod.java:234)
	at groovy.lang.MetaClassImpl.invokeMethod(MetaClassImpl.java:1061)
	at groovy.lang.MetaClassImpl.invokeMethod(MetaClassImpl.java:892)
	at org.codehaus.groovy.runtime.InvokerHelper.invokePogoMethod(InvokerHelper.java:737)
	at org.codehaus.groovy.runtime.InvokerHelper.invokeMethod(InvokerHelper.java:720)
	at org.codehaus.groovy.runtime.ScriptBytecodeAdapter.invokeMethodN(ScriptBytecodeAdapter.java:163)
	at org.codehaus.groovy.runtime.ScriptBytecodeAdapter.invokeMethod0(ScriptBytecodeAdapter.java:188)
	at gen.main(gen.groovy:29)
	at gen$main.callCurrent(Unknown Source)
	at org.codehaus.groovy.runtime.callsite.CallSiteArray.defaultCallCurrent(CallSiteArray.java:47)
	at org.codehaus.groovy.runtime.callsite.AbstractCallSite.callCurrent(AbstractCallSite.java:142)
	at org.codehaus.groovy.runtime.callsite.AbstractCallSite.callCurrent(AbstractCallSite.java:146)
	at gen.run(gen.groovy:21)
	at sun.reflect.NativeMethodAccessorImpl.invoke0(Native Method)
	at sun.reflect.NativeMethodAccessorImpl.invoke(NativeMethodAccessorImpl.java:39)
	at sun.reflect.DelegatingMethodAccessorImpl.invoke(DelegatingMethodAccessorImpl.java:25)
	at java.lang.reflect.Method.invoke(Method.java:597)
	at org.codehaus.groovy.maven.runtime.support.ScriptExecutorSupport.invokeMethod(ScriptExecutorSupport.java:158)
	at org.codehaus.groovy.maven.runtime.support.ScriptExecutorSupport.execute(ScriptExecutorSupport.java:126)
	at org.codehaus.groovy.maven.runtime.support.ScriptExecutorSupport.execute(ScriptExecutorSupport.java:73)
	at org.codehaus.groovy.maven.plugin.execute.ExecuteMojo.process(ExecuteMojo.java:249)
	at org.codehaus.groovy.maven.plugin.ComponentMojoSupport.doExecute(ComponentMojoSupport.java:60)
	at org.codehaus.groovy.maven.plugin.MojoSupport.execute(MojoSupport.java:69)
	at org.apache.maven.plugin.DefaultBuildPluginManager.executeMojo(DefaultBuildPluginManager.java:132)
	at org.apache.maven.lifecycle.internal.MojoExecutor.execute(MojoExecutor.java:208)
	at org.apache.maven.lifecycle.internal.MojoExecutor.execute(MojoExecutor.java:153)
	at org.apache.maven.lifecycle.internal.MojoExecutor.execute(MojoExecutor.java:145)
	at org.apache.maven.lifecycle.internal.LifecycleModuleBuilder.buildProject(LifecycleModuleBuilder.java:116)
	at org.apache.maven.lifecycle.internal.LifecycleModuleBuilder.buildProject(LifecycleModuleBuilder.java:80)
	at org.apache.maven.lifecycle.internal.builder.singlethreaded.SingleThreadedBuilder.build(SingleThreadedBuilder.java:51)
	at org.apache.maven.lifecycle.internal.LifecycleStarter.execute(LifecycleStarter.java:120)
	at org.apache.maven.DefaultMaven.doExecute(DefaultMaven.java:355)
	at org.apache.maven.DefaultMaven.execute(DefaultMaven.java:155)
	at org.apache.maven.cli.MavenCli.execute(MavenCli.java:584)
	at org.apache.maven.cli.MavenCli.doMain(MavenCli.java:216)
	at org.apache.maven.cli.MavenCli.main(MavenCli.java:160)
	at sun.reflect.NativeMethodAccessorImpl.invoke0(Native Method)
	at sun.reflect.NativeMethodAccessorImpl.invoke(NativeMethodAccessorImpl.java:39)
	at sun.reflect.DelegatingMethodAccessorImpl.invoke(DelegatingMethodAccessorImpl.java:25)
	at java.lang.reflect.Method.invoke(Method.java:597)
	at org.codehaus.plexus.classworlds.launcher.Launcher.launchEnhanced(Launcher.java:289)
	at org.codehaus.plexus.classworlds.launcher.Launcher.launch(Launcher.java:229)
	at org.codehaus.plexus.classworlds.launcher.Launcher.mainWithExitCode(Launcher.java:415)
	at org.codehaus.plexus.classworlds.launcher.Launcher.main(Launcher.java:356)
Caused by: freemarker.template.TemplateModelException: get(sqls) failed on instance of cn.org.rapid_framework.generator.ext.tableconfig.model.TableConfig
	at freemarker.ext.beans.BeanModel.get(BeanModel.java:223)
	at freemarker.core.Dot._getAsTemplateModel(Dot.java:76)
	at freemarker.core.Expression.getAsTemplateModel(Expression.java:89)
	at freemarker.core.IteratorBlock.accept(IteratorBlock.java:94)
	at freemarker.core.Environment.visit(Environment.java:210)
	at freemarker.core.MixedContent.accept(MixedContent.java:92)
	at freemarker.core.Environment.visit(Environment.java:210)
	at freemarker.core.Environment.process(Environment.java:190)
	at freemarker.template.Template.process(Template.java:237)
	at cn.org.rapid_framework.generator.Generator$TemplateProcessor.processTemplateForGeneratorControl(Generator.java:350)
	at cn.org.rapid_framework.generator.Generator$TemplateProcessor.executeGenerate(Generator.java:308)
	... 71 more
Caused by: java.lang.reflect.InvocationTargetException
	at sun.reflect.NativeMethodAccessorImpl.invoke0(Native Method)
	at sun.reflect.NativeMethodAccessorImpl.invoke(NativeMethodAccessorImpl.java:39)
	at sun.reflect.DelegatingMethodAccessorImpl.invoke(DelegatingMethodAccessorImpl.java:25)
	at java.lang.reflect.Method.invoke(Method.java:597)
	at freemarker.ext.beans.BeansWrapper.invokeMethod(BeansWrapper.java:840)
	at freemarker.ext.beans.BeanModel.invokeThroughDescriptor(BeanModel.java:276)
	at freemarker.ext.beans.BeanModel.get(BeanModel.java:183)
	... 81 more
Caused by: java.lang.RuntimeException: parse sql error on table:student operation:queryAll() sql:
			SELECT 
			<include refid="StrategyCategory.columns"/>
			FROM student
		
	at cn.org.rapid_framework.generator.ext.tableconfig.model.TableConfig$Convert2SqlsProecssor.processOperation(TableConfig.java:291)
	at cn.org.rapid_framework.generator.ext.tableconfig.model.TableConfig$Convert2SqlsProecssor.toSqls(TableConfig.java:239)
	at cn.org.rapid_framework.generator.ext.tableconfig.model.TableConfig.toSqls(TableConfig.java:220)
	at cn.org.rapid_framework.generator.ext.tableconfig.model.TableConfig.getSqls(TableConfig.java:214)
	... 88 more
Caused by: java.lang.IllegalArgumentException: not found include sql by <include refid='StrategyCategory.columns'/>
	at cn.org.rapid_framework.generator.ext.tableconfig.IbatisSqlMapConfigParser.processIncludeByRefid(IbatisSqlMapConfigParser.java:104)
	at cn.org.rapid_framework.generator.ext.tableconfig.IbatisSqlMapConfigParser.parse(IbatisSqlMapConfigParser.java:50)
	at cn.org.rapid_framework.generator.ext.tableconfig.model.TableConfig$Convert2SqlsProecssor.processOperation(TableConfig.java:253)
	... 91 more
